# JRE version: OpenJDK Runtime Environment (8.0_275-b01) (build 1.8.0_275-8u275-b01-0ubuntu1~18.04-b01)
# Java VM: OpenJDK 64-Bit Server VM (25.275-b01 mixed mode linux-amd64 compressed oops)
Heap:
 PSYoungGen      total 98816K, used 35104K [0x00000000f5580000, 0x00000000fc200000, 0x0000000100000000)
  eden space 88576K, 31% used [0x00000000f5580000,0x00000000f70bf008,0x00000000fac00000)
  from space 10240K, 70% used [0x00000000fb600000,0x00000000fbd09288,0x00000000fc000000)
  to   space 10240K, 0% used [0x00000000fac00000,0x00000000fac00000,0x00000000fb600000)
 ParOldGen       total 113664K, used 9303K [0x00000000e0000000, 0x00000000e6f00000, 0x00000000f5580000)
  object space 113664K, 8% used [0x00000000e0000000,0x00000000e0915ff0,0x00000000e6f00000)
 Metaspace       used 29135K, capacity 31504K, committed 31744K, reserved 1077248K
  class space    used 3914K, capacity 4348K, committed 4352K, reserved 1048576K
GC Heap History (10 events):
Event: 0.565 GC heap before
{Heap before GC invocations=1 (full 0):
 PSYoungGen      total 74752K, used 64512K [0x00000000f5580000, 0x00000000fa880000, 0x0000000100000000)
  eden space 64512K, 100% used [0x00000000f5580000,0x00000000f9480000,0x00000000f9480000)
  from space 10240K, 0% used [0x00000000f9e80000,0x00000000f9e80000,0x00000000fa880000)
  to   space 10240K, 0% used [0x00000000f9480000,0x00000000f9480000,0x00000000f9e80000)
 ParOldGen       total 171008K, used 0K [0x00000000e0000000, 0x00000000ea700000, 0x00000000f5580000)
  object space 171008K, 0% used [0x00000000e0000000,0x00000000e0000000,0x00000000ea700000)
 Metaspace       used 13458K, capacity 14416K, committed 14592K, reserved 1062912K
  class space    used 1796K, capacity 2012K, committed 2048K, reserved 1048576K
Event: 0.570 GC heap after
Heap after GC invocations=1 (full 0):
 PSYoungGen      total 74752K, used 8221K [0x00000000f5580000, 0x00000000fa880000, 0x0000000100000000)
  eden space 64512K, 0% used [0x00000000f5580000,0x00000000f5580000,0x00000000f9480000)
  from space 10240K, 80% used [0x00000000f9480000,0x00000000f9c87458,0x00000000f9e80000)
  to   space 10240K, 0% used [0x00000000f9e80000,0x00000000f9e80000,0x00000000fa880000)
 ParOldGen       total 171008K, used 16K [0x00000000e0000000, 0x00000000ea700000, 0x00000000f5580000)
  object space 171008K, 0% used [0x00000000e0000000,0x00000000e0004000,0x00000000ea700000)
 Metaspace       used 13458K, capacity 14416K, committed 14592K, reserved 1062912K
  class space    used 1796K, capacity 2012K, committed 2048K, reserved 1048576K
}
Event: 0.884 GC heap before
{Heap before GC invocations=2 (full 0):
 PSYoungGen      total 74752K, used 70896K [0x00000000f5580000, 0x00000000fa880000, 0x0000000100000000)
  eden space 64512K, 97% used [0x00000000f5580000,0x00000000f92b4f38,0x00000000f9480000)
  from space 10240K, 80% used [0x00000000f9480000,0x00000000f9c87458,0x00000000f9e80000)
  to   space 10240K, 0% used [0x00000000f9e80000,0x00000000f9e80000,0x00000000fa880000)
 ParOldGen       total 171008K, used 16K [0x00000000e0000000, 0x00000000ea700000, 0x00000000f5580000)
  object space 171008K, 0% used [0x00000000e0000000,0x00000000e0004000,0x00000000ea700000)
 Metaspace       used 19812K, capacity 21216K, committed 21296K, reserved 1067008K
  class space    used 2634K, capacity 2910K, committed 2944K, reserved 1048576K
Event: 0.891 GC heap after
Heap after GC invocations=2 (full 0):
 PSYoungGen      total 74752K, used 9750K [0x00000000f5580000, 0x00000000fe780000, 0x0000000100000000)
  eden space 64512K, 0% used [0x00000000f5580000,0x00000000f5580000,0x00000000f9480000)
  from space 10240K, 95% used [0x00000000f9e80000,0x00000000fa805b80,0x00000000fa880000)
  to   space 10240K, 0% used [0x00000000f9480000,0x00000000f9480000,0x00000000f9e80000)
 ParOldGen       total 171008K, used 24K [0x00000000e0000000, 0x00000000ea700000, 0x00000000f5580000)
  object space 171008K, 0% used [0x00000000e0000000,0x00000000e0006000,0x00000000ea700000)
 Metaspace       used 19812K, capacity 21216K, committed 21296K, reserved 1067008K
  class space    used 2634K, capacity 2910K, committed 2944K, reserved 1048576K
}
Event: 0.891 GC heap before
{Heap before GC invocations=3 (full 1):
 PSYoungGen      total 74752K, used 9750K [0x00000000f5580000, 0x00000000fe780000, 0x0000000100000000)
  eden space 64512K, 0% used [0x00000000f5580000,0x00000000f5580000,0x00000000f9480000)
  from space 10240K, 95% used [0x00000000f9e80000,0x00000000fa805b80,0x00000000fa880000)
  to   space 10240K, 0% used [0x00000000f9480000,0x00000000f9480000,0x00000000f9e80000)
 ParOldGen       total 171008K, used 24K [0x00000000e0000000, 0x00000000ea700000, 0x00000000f5580000)
  object space 171008K, 0% used [0x00000000e0000000,0x00000000e0006000,0x00000000ea700000)
 Metaspace       used 19812K, capacity 21216K, committed 21296K, reserved 1067008K
  class space    used 2634K, capacity 2910K, committed 2944K, reserved 1048576K
Event: 0.910 GC heap after
Heap after GC invocations=3 (full 1):
 PSYoungGen      total 74752K, used 0K [0x00000000f5580000, 0x00000000fe780000, 0x0000000100000000)
  eden space 64512K, 0% used [0x00000000f5580000,0x00000000f5580000,0x00000000f9480000)
  from space 10240K, 0% used [0x00000000f9e80000,0x00000000f9e80000,0x00000000fa880000)
  to   space 10240K, 0% used [0x00000000f9480000,0x00000000f9480000,0x00000000f9e80000)
 ParOldGen       total 113664K, used 9287K [0x00000000e0000000, 0x00000000e6f00000, 0x00000000f5580000)
  object space 113664K, 8% used [0x00000000e0000000,0x00000000e0911ff0,0x00000000e6f00000)
 Metaspace       used 19812K, capacity 21216K, committed 21296K, reserved 1067008K
  class space    used 2634K, capacity 2910K, committed 2944K, reserved 1048576K
}
Event: 1.195 GC heap before
{Heap before GC invocations=4 (full 1):
 PSYoungGen      total 74752K, used 64512K [0x00000000f5580000, 0x00000000fe780000, 0x0000000100000000)
  eden space 64512K, 100% used [0x00000000f5580000,0x00000000f9480000,0x00000000f9480000)
  from space 10240K, 0% used [0x00000000f9e80000,0x00000000f9e80000,0x00000000fa880000)
  to   space 10240K, 0% used [0x00000000f9480000,0x00000000f9480000,0x00000000f9e80000)
 ParOldGen       total 113664K, used 9287K [0x00000000e0000000, 0x00000000e6f00000, 0x00000000f5580000)
  object space 113664K, 8% used [0x00000000e0000000,0x00000000e0911ff0,0x00000000e6f00000)
 Metaspace       used 24413K, capacity 26112K, committed 26240K, reserved 1071104K
  class space    used 3274K, capacity 3634K, committed 3712K, reserved 1048576K
Event: 1.199 GC heap after
Heap after GC invocations=4 (full 1):
 PSYoungGen      total 74752K, used 6541K [0x00000000f5580000, 0x00000000fc000000, 0x0000000100000000)
  eden space 64512K, 0% used [0x00000000f5580000,0x00000000f5580000,0x00000000f9480000)
  from space 10240K, 63% used [0x00000000f9480000,0x00000000f9ae3738,0x00000000f9e80000)
  to   space 10240K, 0% used [0x00000000fb600000,0x00000000fb600000,0x00000000fc000000)
 ParOldGen       total 113664K, used 9295K [0x00000000e0000000, 0x00000000e6f00000, 0x00000000f5580000)
  object space 113664K, 8% used [0x00000000e0000000,0x00000000e0913ff0,0x00000000e6f00000)
 Metaspace       used 24413K, capacity 26112K, committed 26240K, reserved 1071104K
  class space    used 3274K, capacity 3634K, committed 3712K, reserved 1048576K
}
Event: 1.619 GC heap before
{Heap before GC invocations=5 (full 1):
 PSYoungGen      total 74752K, used 71053K [0x00000000f5580000, 0x00000000fc000000, 0x0000000100000000)
  eden space 64512K, 100% used [0x00000000f5580000,0x00000000f9480000,0x00000000f9480000)
  from space 10240K, 63% used [0x00000000f9480000,0x00000000f9ae3738,0x00000000f9e80000)
  to   space 10240K, 0% used [0x00000000fb600000,0x00000000fb600000,0x00000000fc000000)
 ParOldGen       total 113664K, used 9295K [0x00000000e0000000, 0x00000000e6f00000, 0x00000000f5580000)
  object space 113664K, 8% used [0x00000000e0000000,0x00000000e0913ff0,0x00000000e6f00000)
 Metaspace       used 28234K, capacity 30558K, committed 30592K, reserved 1075200K
  class space    used 3789K, capacity 4197K, committed 4224K, reserved 1048576K
Event: 1.628 GC heap after
Heap after GC invocations=5 (full 1):
 PSYoungGen      total 98816K, used 7204K [0x00000000f5580000, 0x00000000fc200000, 0x0000000100000000)
  eden space 88576K, 0% used [0x00000000f5580000,0x00000000f5580000,0x00000000fac00000)
  from space 10240K, 70% used [0x00000000fb600000,0x00000000fbd09288,0x00000000fc000000)
  to   space 10240K, 0% used [0x00000000fac00000,0x00000000fac00000,0x00000000fb600000)
 ParOldGen       total 113664K, used 9303K [0x00000000e0000000, 0x00000000e6f00000, 0x00000000f5580000)
  object space 113664K, 8% used [0x00000000e0000000,0x00000000e0915ff0,0x00000000e6f00000)
 Metaspace       used 28234K, capacity 30558K, committed 30592K, reserved 1075200K
  class space    used 3789K, capacity 4197K, committed 4224K, reserved 1048576K
}

